2025-10-24 10:31:40.390 [http-nio-8080-exec-7] ERROR b.main.Service.ProductImageService - Error reading image: D:\Java\DA_2025\Full_DA\UI_DA\DA_2025BE\main\uploads\product_51_1760761997190_532532532253.png 
2025-10-24 10:31:40.392 [http-nio-8080-exec-7] ERROR b.m.Controller.FileUploadController - Không tìm thấy ảnh với ID: 51 - 841974 - Error reading image: D:\Java\DA_2025\Full_DA\UI_DA\DA_2025BE\main\uploads\product_51_1760761997190_532532532253.png
2025-10-24 10:31:40.402 [http-nio-8080-exec-8] ERROR b.main.Service.ProductImageService - Error reading image: D:\Java\DA_2025\Full_DA\UI_DA\DA_2025BE\main\uploads\product_51_1760761997189_48.webp 
2025-10-24 10:31:40.403 [http-nio-8080-exec-8] ERROR b.m.Controller.FileUploadController - Không tìm thấy ảnh với ID: 51 - 124240 - Error reading image: D:\Java\DA_2025\Full_DA\UI_DA\DA_2025BE\main\uploads\product_51_1760761997189_48.webp
2025-10-24 10:37:48.705 [http-nio-8080-exec-6] ERROR b.main.Service.ProductImageService - Error reading image: D:\Java\DA_2025\Full_DA\UI_DA\DA_2025BE\main\uploads\product_51_1760761997190_532532532253.png 
2025-10-24 10:37:48.705 [http-nio-8080-exec-6] ERROR b.m.Controller.FileUploadController - Không tìm thấy ảnh với ID: 51 - 841974 - Error reading image: D:\Java\DA_2025\Full_DA\UI_DA\DA_2025BE\main\uploads\product_51_1760761997190_532532532253.png
2025-10-24 10:37:48.713 [http-nio-8080-exec-7] ERROR b.main.Service.ProductImageService - Error reading image: D:\Java\DA_2025\Full_DA\UI_DA\DA_2025BE\main\uploads\product_51_1760761997189_48.webp 
2025-10-24 10:37:48.713 [http-nio-8080-exec-7] ERROR b.m.Controller.FileUploadController - Không tìm thấy ảnh với ID: 51 - 124240 - Error reading image: D:\Java\DA_2025\Full_DA\UI_DA\DA_2025BE\main\uploads\product_51_1760761997189_48.webp
2025-10-24 10:38:02.165 [http-nio-8080-exec-9] ERROR b.main.Service.ProductImageService - Error reading image: D:\Java\DA_2025\Full_DA\UI_DA\DA_2025BE\main\uploads\product_51_1760761997168_photo_6298792191148625544_x.jpg 
2025-10-24 10:38:02.166 [http-nio-8080-exec-9] ERROR b.m.Controller.FileUploadController - Không tìm thấy ảnh với ID: 51 - Error reading image: D:\Java\DA_2025\Full_DA\UI_DA\DA_2025BE\main\uploads\product_51_1760761997168_photo_6298792191148625544_x.jpg
2025-10-24 10:38:24.456 [http-nio-8080-exec-3] ERROR b.main.Service.ProductImageService - Error reading image: D:\Java\DA_2025\Full_DA\UI_DA\DA_2025BE\main\uploads\product_51_1760761997168_photo_6298792191148625544_x.jpg 
2025-10-24 10:38:24.456 [http-nio-8080-exec-3] ERROR b.m.Controller.FileUploadController - Không tìm thấy ảnh với ID: 51 - Error reading image: D:\Java\DA_2025\Full_DA\UI_DA\DA_2025BE\main\uploads\product_51_1760761997168_photo_6298792191148625544_x.jpg
2025-10-24 10:42:06.135 [http-nio-8080-exec-7] ERROR b.main.Service.ProductImageService - Error reading image: D:\Java\DA_2025\Full_DA\UI_DA\DA_2025BE\main\uploads\product_51_1760761997168_photo_6298792191148625544_x.jpg 
2025-10-24 10:42:06.137 [http-nio-8080-exec-7] ERROR b.m.Controller.FileUploadController - Không tìm thấy ảnh với ID: 51 - Error reading image: D:\Java\DA_2025\Full_DA\UI_DA\DA_2025BE\main\uploads\product_51_1760761997168_photo_6298792191148625544_x.jpg
2025-10-24 10:42:54.594 [http-nio-8080-exec-3] ERROR b.main.Service.ProductImageService - Error reading image: D:\Java\DA_2025\Full_DA\UI_DA\DA_2025BE\main\uploads\product_51_1760761997168_photo_6298792191148625544_x.jpg 
2025-10-24 10:42:54.594 [http-nio-8080-exec-3] ERROR b.m.Controller.FileUploadController - Không tìm thấy ảnh với ID: 51 - Error reading image: D:\Java\DA_2025\Full_DA\UI_DA\DA_2025BE\main\uploads\product_51_1760761997168_photo_6298792191148625544_x.jpg
2025-10-24 10:42:56.041 [http-nio-8080-exec-2] ERROR b.main.Service.ProductImageService - Error reading image: D:\Java\DA_2025\Full_DA\UI_DA\DA_2025BE\main\uploads\product_51_1760761997168_photo_6298792191148625544_x.jpg 
2025-10-24 10:42:56.042 [http-nio-8080-exec-2] ERROR b.m.Controller.FileUploadController - Không tìm thấy ảnh với ID: 51 - Error reading image: D:\Java\DA_2025\Full_DA\UI_DA\DA_2025BE\main\uploads\product_51_1760761997168_photo_6298792191148625544_x.jpg
2025-10-24 10:45:32.813 [http-nio-8080-exec-10] ERROR b.main.Service.ProductImageService - Error reading image: D:\Java\DA_2025\Full_DA\UI_DA\DA_2025BE\main\uploads\product_51_1760761997168_photo_6298792191148625544_x.jpg 
2025-10-24 10:45:32.813 [http-nio-8080-exec-10] ERROR b.m.Controller.FileUploadController - Không tìm thấy ảnh với ID: 51 - Error reading image: D:\Java\DA_2025\Full_DA\UI_DA\DA_2025BE\main\uploads\product_51_1760761997168_photo_6298792191148625544_x.jpg
2025-10-24 10:45:48.878 [http-nio-8080-exec-8] ERROR b.main.Service.ProductImageService - Error reading image: D:\Java\DA_2025\Full_DA\UI_DA\DA_2025BE\main\uploads\product_51_1760761997168_photo_6298792191148625544_x.jpg 
2025-10-24 10:45:48.878 [http-nio-8080-exec-8] ERROR b.m.Controller.FileUploadController - Không tìm thấy ảnh với ID: 51 - Error reading image: D:\Java\DA_2025\Full_DA\UI_DA\DA_2025BE\main\uploads\product_51_1760761997168_photo_6298792191148625544_x.jpg
2025-10-24 10:46:03.728 [http-nio-8080-exec-2] ERROR b.main.Service.ProductImageService - Error reading image: D:\Java\DA_2025\Full_DA\UI_DA\DA_2025BE\main\uploads\product_51_1760761997168_photo_6298792191148625544_x.jpg 
2025-10-24 10:46:03.730 [http-nio-8080-exec-2] ERROR b.m.Controller.FileUploadController - Không tìm thấy ảnh với ID: 51 - Error reading image: D:\Java\DA_2025\Full_DA\UI_DA\DA_2025BE\main\uploads\product_51_1760761997168_photo_6298792191148625544_x.jpg
2025-10-24 10:46:19.411 [http-nio-8080-exec-2] ERROR b.main.Service.ProductImageService - Error reading image: D:\Java\DA_2025\Full_DA\UI_DA\DA_2025BE\main\uploads\product_51_1760761997168_photo_6298792191148625544_x.jpg 
2025-10-24 10:46:19.415 [http-nio-8080-exec-2] ERROR b.m.Controller.FileUploadController - Không tìm thấy ảnh với ID: 51 - Error reading image: D:\Java\DA_2025\Full_DA\UI_DA\DA_2025BE\main\uploads\product_51_1760761997168_photo_6298792191148625544_x.jpg
2025-10-24 10:51:09.196 [http-nio-8080-exec-5] ERROR b.main.Service.ProductImageService - Error reading image: D:\Java\DA_2025\Full_DA\UI_DA\DA_2025BE\main\uploads\product_51_1760761997168_photo_6298792191148625544_x.jpg 
2025-10-24 10:51:09.198 [http-nio-8080-exec-5] ERROR b.m.Controller.FileUploadController - Không tìm thấy ảnh với ID: 51 - Error reading image: D:\Java\DA_2025\Full_DA\UI_DA\DA_2025BE\main\uploads\product_51_1760761997168_photo_6298792191148625544_x.jpg
2025-10-24 11:04:40.875 [http-nio-8080-exec-5] ERROR b.main.Service.ProductImageService - Error reading image: D:\Java\DA_2025\Full_DA\UI_DA\DA_2025BE\main\uploads\product_51_1760761997168_photo_6298792191148625544_x.jpg 
2025-10-24 11:04:40.877 [http-nio-8080-exec-5] ERROR b.m.Controller.FileUploadController - Không tìm thấy ảnh với ID: 51 - Error reading image: D:\Java\DA_2025\Full_DA\UI_DA\DA_2025BE\main\uploads\product_51_1760761997168_photo_6298792191148625544_x.jpg
2025-10-24 11:04:47.154 [http-nio-8080-exec-9] ERROR b.main.Service.ProductImageService - Error reading image: D:\Java\DA_2025\Full_DA\UI_DA\DA_2025BE\main\uploads\product_51_1760761997168_photo_6298792191148625544_x.jpg 
2025-10-24 11:04:47.154 [http-nio-8080-exec-9] ERROR b.m.Controller.FileUploadController - Không tìm thấy ảnh với ID: 51 - Error reading image: D:\Java\DA_2025\Full_DA\UI_DA\DA_2025BE\main\uploads\product_51_1760761997168_photo_6298792191148625544_x.jpg
2025-10-24 11:23:50.922 [http-nio-8080-exec-5] ERROR b.main.Service.ProductImageService - Error reading image: D:\Java\DA_2025\Full_DA\UI_DA\DA_2025BE\main\uploads\product_51_1760761997168_photo_6298792191148625544_x.jpg 
2025-10-24 11:23:50.923 [http-nio-8080-exec-5] ERROR b.m.Controller.FileUploadController - Không tìm thấy ảnh với ID: 51 - Error reading image: D:\Java\DA_2025\Full_DA\UI_DA\DA_2025BE\main\uploads\product_51_1760761997168_photo_6298792191148625544_x.jpg
2025-10-24 11:27:45.534 [http-nio-8080-exec-2] ERROR b.main.Service.ProductImageService - Error reading image: D:\Java\DA_2025\Full_DA\UI_DA\DA_2025BE\main\uploads\product_51_1760761997168_photo_6298792191148625544_x.jpg 
2025-10-24 11:27:45.534 [http-nio-8080-exec-2] ERROR b.m.Controller.FileUploadController - Không tìm thấy ảnh với ID: 51 - Error reading image: D:\Java\DA_2025\Full_DA\UI_DA\DA_2025BE\main\uploads\product_51_1760761997168_photo_6298792191148625544_x.jpg
2025-10-24 11:27:55.512 [http-nio-8080-exec-4] ERROR b.main.Service.ProductImageService - Error reading image: D:\Java\DA_2025\Full_DA\UI_DA\DA_2025BE\main\uploads\product_51_1760761997168_photo_6298792191148625544_x.jpg 
2025-10-24 11:27:55.512 [http-nio-8080-exec-4] ERROR b.m.Controller.FileUploadController - Không tìm thấy ảnh với ID: 51 - Error reading image: D:\Java\DA_2025\Full_DA\UI_DA\DA_2025BE\main\uploads\product_51_1760761997168_photo_6298792191148625544_x.jpg
2025-10-24 11:34:59.982 [http-nio-8080-exec-6] ERROR o.h.e.jdbc.spi.SqlExceptionHelper - The DELETE statement conflicted with the REFERENCE constraint "FK__repair_se__categ__3B60C8C7". The conflict occurred in database "trungghieu", table "dbo.repair_services", column 'category_id'.
2025-10-24 11:39:56.080 [http-nio-8080-exec-4] ERROR o.h.e.jdbc.spi.SqlExceptionHelper - The DELETE statement conflicted with the REFERENCE constraint "FK__repair_se__categ__3B60C8C7". The conflict occurred in database "trungghieu", table "dbo.repair_services", column 'category_id'.
2025-10-24 11:40:28.663 [http-nio-8080-exec-9] ERROR o.h.e.jdbc.spi.SqlExceptionHelper - The DELETE statement conflicted with the REFERENCE constraint "FK__order_ite__varia__32CB82C6". The conflict occurred in database "trungghieu", table "dbo.order_items", column 'variant_id'.
2025-10-24 11:41:04.878 [http-nio-8080-exec-2] ERROR o.h.e.jdbc.spi.SqlExceptionHelper - The DELETE statement conflicted with the REFERENCE constraint "FK__order_ite__varia__32CB82C6". The conflict occurred in database "trungghieu", table "dbo.order_items", column 'variant_id'.
2025-10-24 11:41:09.671 [http-nio-8080-exec-4] ERROR o.h.e.jdbc.spi.SqlExceptionHelper - The DELETE statement conflicted with the REFERENCE constraint "FK__order_ite__varia__32CB82C6". The conflict occurred in database "trungghieu", table "dbo.order_items", column 'variant_id'.
2025-10-24 11:43:00.395 [http-nio-8080-exec-2] ERROR o.h.e.jdbc.spi.SqlExceptionHelper - The DELETE statement conflicted with the REFERENCE constraint "FK__order_ite__varia__32CB82C6". The conflict occurred in database "trungghieu", table "dbo.order_items", column 'variant_id'.
2025-10-24 11:43:03.319 [http-nio-8080-exec-3] ERROR o.h.e.jdbc.spi.SqlExceptionHelper - The DELETE statement conflicted with the REFERENCE constraint "FK__order_ite__varia__32CB82C6". The conflict occurred in database "trungghieu", table "dbo.order_items", column 'variant_id'.
2025-10-24 11:43:41.633 [http-nio-8080-exec-4] ERROR o.h.e.jdbc.spi.SqlExceptionHelper - The DELETE statement conflicted with the REFERENCE constraint "FK__order_ite__varia__32CB82C6". The conflict occurred in database "trungghieu", table "dbo.order_items", column 'variant_id'.
2025-10-24 11:44:07.882 [http-nio-8080-exec-2] ERROR o.h.e.jdbc.spi.SqlExceptionHelper - The DELETE statement conflicted with the REFERENCE constraint "FK__order_ite__varia__32CB82C6". The conflict occurred in database "trungghieu", table "dbo.order_items", column 'variant_id'.
2025-10-24 11:45:41.198 [http-nio-8080-exec-2] ERROR o.h.e.jdbc.spi.SqlExceptionHelper - The DELETE statement conflicted with the REFERENCE constraint "FK__order_ite__varia__32CB82C6". The conflict occurred in database "trungghieu", table "dbo.order_items", column 'variant_id'.
2025-10-24 12:09:48.498 [http-nio-8080-exec-5] ERROR o.h.e.jdbc.spi.SqlExceptionHelper - Violation of UNIQUE KEY constraint 'UQ__categori__32DD1E4C462CB2F0'. Cannot insert duplicate key in object 'dbo.categories'. The duplicate key value is (iphone-15-pro-test).
2025-10-24 12:09:48.550 [http-nio-8080-exec-5] ERROR o.a.c.c.C.[.[.[.[dispatcherServlet] - Servlet.service() for servlet [dispatcherServlet] in context with path [] threw exception [Request processing failed: org.springframework.dao.DataIntegrityViolationException: could not execute statement [Violation of UNIQUE KEY constraint 'UQ__categori__32DD1E4C462CB2F0'. Cannot insert duplicate key in object 'dbo.categories'. The duplicate key value is (iphone-15-pro-test).] [insert into categories (created_at,description,display_order,image_url,is_active,name,parent_id,slug,updated_at) values (?,?,?,?,?,?,?,?,?)]; SQL [insert into categories (created_at,description,display_order,image_url,is_active,name,parent_id,slug,updated_at) values (?,?,?,?,?,?,?,?,?)]; constraint [UQ__categori__32DD1E4C462CB2F0]] with root cause
com.microsoft.sqlserver.jdbc.SQLServerException: Violation of UNIQUE KEY constraint 'UQ__categori__32DD1E4C462CB2F0'. Cannot insert duplicate key in object 'dbo.categories'. The duplicate key value is (iphone-15-pro-test).
	at com.microsoft.sqlserver.jdbc.SQLServerException.makeFromDatabaseError(SQLServerException.java:278)
	at com.microsoft.sqlserver.jdbc.SQLServerStatement.getNextResult(SQLServerStatement.java:1787)
	at com.microsoft.sqlserver.jdbc.SQLServerPreparedStatement.doExecutePreparedStatement(SQLServerPreparedStatement.java:688)
	at com.microsoft.sqlserver.jdbc.SQLServerPreparedStatement$PrepStmtExecCmd.doExecute(SQLServerPreparedStatement.java:607)
	at com.microsoft.sqlserver.jdbc.TDSCommand.execute(IOBuffer.java:7745)
	at com.microsoft.sqlserver.jdbc.SQLServerConnection.executeCommand(SQLServerConnection.java:4706)
	at com.microsoft.sqlserver.jdbc.SQLServerStatement.executeCommand(SQLServerStatement.java:321)
	at com.microsoft.sqlserver.jdbc.SQLServerStatement.executeStatement(SQLServerStatement.java:253)
	at com.microsoft.sqlserver.jdbc.SQLServerPreparedStatement.executeUpdate(SQLServerPreparedStatement.java:549)
	at com.zaxxer.hikari.pool.ProxyPreparedStatement.executeUpdate(ProxyPreparedStatement.java:61)
	at com.zaxxer.hikari.pool.HikariProxyPreparedStatement.executeUpdate(HikariProxyPreparedStatement.java)
	at org.hibernate.engine.jdbc.internal.ResultSetReturnImpl.executeUpdate(ResultSetReturnImpl.java:194)
	at org.hibernate.id.insert.GetGeneratedKeysDelegate.performMutation(GetGeneratedKeysDelegate.java:116)
	at org.hibernate.engine.jdbc.mutation.internal.MutationExecutorSingleNonBatched.performNonBatchedOperations(MutationExecutorSingleNonBatched.java:47)
	at org.hibernate.engine.jdbc.mutation.internal.AbstractMutationExecutor.execute(AbstractMutationExecutor.java:55)
	at org.hibernate.persister.entity.mutation.InsertCoordinatorStandard.doStaticInserts(InsertCoordinatorStandard.java:194)
	at org.hibernate.persister.entity.mutation.InsertCoordinatorStandard.coordinateInsert(InsertCoordinatorStandard.java:132)
	at org.hibernate.persister.entity.mutation.InsertCoordinatorStandard.insert(InsertCoordinatorStandard.java:95)
	at org.hibernate.action.internal.EntityIdentityInsertAction.execute(EntityIdentityInsertAction.java:85)
	at org.hibernate.engine.spi.ActionQueue.execute(ActionQueue.java:682)
	at org.hibernate.engine.spi.ActionQueue.addResolvedEntityInsertAction(ActionQueue.java:293)
	at org.hibernate.engine.spi.ActionQueue.addInsertAction(ActionQueue.java:274)
	at org.hibernate.engine.spi.ActionQueue.addAction(ActionQueue.java:324)
	at org.hibernate.event.internal.AbstractSaveEventListener.addInsertAction(AbstractSaveEventListener.java:394)
	at org.hibernate.event.internal.AbstractSaveEventListener.performSaveOrReplicate(AbstractSaveEventListener.java:308)
	at org.hibernate.event.internal.AbstractSaveEventListener.performSave(AbstractSaveEventListener.java:224)
	at org.hibernate.event.internal.AbstractSaveEventListener.saveWithGeneratedId(AbstractSaveEventListener.java:136)
	at org.hibernate.event.internal.DefaultPersistEventListener.entityIsTransient(DefaultPersistEventListener.java:177)
	at org.hibernate.event.internal.DefaultPersistEventListener.persist(DefaultPersistEventListener.java:95)
	at org.hibernate.event.internal.DefaultPersistEventListener.onPersist(DefaultPersistEventListener.java:79)
	at org.hibernate.event.internal.DefaultPersistEventListener.onPersist(DefaultPersistEventListener.java:55)
	at org.hibernate.event.service.internal.EventListenerGroupImpl.fireEventOnEachListener(EventListenerGroupImpl.java:127)
	at org.hibernate.internal.SessionImpl.firePersist(SessionImpl.java:761)
	at org.hibernate.internal.SessionImpl.persist(SessionImpl.java:745)
	at java.base/jdk.internal.reflect.NativeMethodAccessorImpl.invoke0(Native Method)
	at java.base/jdk.internal.reflect.NativeMethodAccessorImpl.invoke(NativeMethodAccessorImpl.java:77)
	at java.base/jdk.internal.reflect.DelegatingMethodAccessorImpl.invoke(DelegatingMethodAccessorImpl.java:43)
	at java.base/java.lang.reflect.Method.invoke(Method.java:568)
	at org.springframework.orm.jpa.SharedEntityManagerCreator$SharedEntityManagerInvocationHandler.invoke(SharedEntityManagerCreator.java:320)
	at jdk.proxy16/jdk.proxy16.$Proxy307.persist(Unknown Source)
	at org.springframework.data.jpa.repository.support.SimpleJpaRepository.save(SimpleJpaRepository.java:654)
	at java.base/jdk.internal.reflect.NativeMethodAccessorImpl.invoke0(Native Method)
	at java.base/jdk.internal.reflect.NativeMethodAccessorImpl.invoke(NativeMethodAccessorImpl.java:77)
	at java.base/jdk.internal.reflect.DelegatingMethodAccessorImpl.invoke(DelegatingMethodAccessorImpl.java:43)
	at java.base/java.lang.reflect.Method.invoke(Method.java:568)
	at org.springframework.aop.support.AopUtils.invokeJoinpointUsingReflection(AopUtils.java:360)
	at org.springframework.data.repository.core.support.RepositoryMethodInvoker$RepositoryFragmentMethodInvoker.lambda$new$0(RepositoryMethodInvoker.java:277)
	at org.springframework.data.repository.core.support.RepositoryMethodInvoker.doInvoke(RepositoryMethodInvoker.java:170)
	at org.springframework.data.repository.core.support.RepositoryMethodInvoker.invoke(RepositoryMethodInvoker.java:158)
	at org.springframework.data.repository.core.support.RepositoryComposition$RepositoryFragments.invoke(RepositoryComposition.java:515)
	at org.springframework.data.repository.core.support.RepositoryComposition.invoke(RepositoryComposition.java:284)
	at org.springframework.data.repository.core.support.RepositoryFactorySupport$ImplementationMethodExecutionInterceptor.invoke(RepositoryFactorySupport.java:734)
	at org.springframework.aop.framework.ReflectiveMethodInvocation.proceed(ReflectiveMethodInvocation.java:184)
	at org.springframework.data.repository.core.support.QueryExecutorMethodInterceptor.doInvoke(QueryExecutorMethodInterceptor.java:174)
	at org.springframework.data.repository.core.support.QueryExecutorMethodInterceptor.invoke(QueryExecutorMethodInterceptor.java:149)
	at org.springframework.aop.framework.ReflectiveMethodInvocation.proceed(ReflectiveMethodInvocation.java:184)
	at org.springframework.data.projection.DefaultMethodInvokingMethodInterceptor.invoke(DefaultMethodInvokingMethodInterceptor.java:69)
	at org.springframework.aop.framework.ReflectiveMethodInvocation.proceed(ReflectiveMethodInvocation.java:184)
	at org.springframework.transaction.interceptor.TransactionAspectSupport.invokeWithinTransaction(TransactionAspectSupport.java:380)
	at org.springframework.transaction.interceptor.TransactionInterceptor.invoke(TransactionInterceptor.java:119)
	at org.springframework.aop.framework.ReflectiveMethodInvocation.proceed(ReflectiveMethodInvocation.java:184)
	at org.springframework.dao.support.PersistenceExceptionTranslationInterceptor.invoke(PersistenceExceptionTranslationInterceptor.java:138)
	at org.springframework.aop.framework.ReflectiveMethodInvocation.proceed(ReflectiveMethodInvocation.java:184)
	at org.springframework.data.jpa.repository.support.CrudMethodMetadataPostProcessor$CrudMethodMetadataPopulatingMethodInterceptor.invoke(CrudMethodMetadataPostProcessor.java:165)
	at org.springframework.aop.framework.ReflectiveMethodInvocation.proceed(ReflectiveMethodInvocation.java:184)
	at org.springframework.aop.framework.JdkDynamicAopProxy.invoke(JdkDynamicAopProxy.java:223)
	at jdk.proxy16/jdk.proxy16.$Proxy320.save(Unknown Source)
	at backend.main.Service.CategoryService.createNew(CategoryService.java:108)
	at backend.main.Controller.CategoryController.createCategory(CategoryController.java:54)
	at java.base/jdk.internal.reflect.NativeMethodAccessorImpl.invoke0(Native Method)
	at java.base/jdk.internal.reflect.NativeMethodAccessorImpl.invoke(NativeMethodAccessorImpl.java:77)
	at java.base/jdk.internal.reflect.DelegatingMethodAccessorImpl.invoke(DelegatingMethodAccessorImpl.java:43)
	at java.base/java.lang.reflect.Method.invoke(Method.java:568)
	at org.springframework.web.method.support.InvocableHandlerMethod.doInvoke(InvocableHandlerMethod.java:258)
	at org.springframework.web.method.support.InvocableHandlerMethod.invokeForRequest(InvocableHandlerMethod.java:191)
	at org.springframework.web.servlet.mvc.method.annotation.ServletInvocableHandlerMethod.invokeAndHandle(ServletInvocableHandlerMethod.java:118)
	at org.springframework.web.servlet.mvc.method.annotation.RequestMappingHandlerAdapter.invokeHandlerMethod(RequestMappingHandlerAdapter.java:991)
	at org.springframework.web.servlet.mvc.method.annotation.RequestMappingHandlerAdapter.handleInternal(RequestMappingHandlerAdapter.java:896)
	at org.springframework.web.servlet.mvc.method.AbstractHandlerMethodAdapter.handle(AbstractHandlerMethodAdapter.java:87)
	at org.springframework.web.servlet.DispatcherServlet.doDispatch(DispatcherServlet.java:1089)
	at org.springframework.web.servlet.DispatcherServlet.doService(DispatcherServlet.java:979)
	at org.springframework.web.servlet.FrameworkServlet.processRequest(FrameworkServlet.java:1014)
	at org.springframework.web.servlet.FrameworkServlet.doPost(FrameworkServlet.java:914)
	at jakarta.servlet.http.HttpServlet.service(HttpServlet.java:590)
	at org.springframework.web.servlet.FrameworkServlet.service(FrameworkServlet.java:885)
	at jakarta.servlet.http.HttpServlet.service(HttpServlet.java:658)
	at org.apache.catalina.core.ApplicationFilterChain.internalDoFilter(ApplicationFilterChain.java:195)
	at org.apache.catalina.core.ApplicationFilterChain.doFilter(ApplicationFilterChain.java:140)
	at org.apache.tomcat.websocket.server.WsFilter.doFilter(WsFilter.java:51)
	at org.apache.catalina.core.ApplicationFilterChain.internalDoFilter(ApplicationFilterChain.java:164)
	at org.apache.catalina.core.ApplicationFilterChain.doFilter(ApplicationFilterChain.java:140)
	at org.springframework.web.filter.OncePerRequestFilter.doFilter(OncePerRequestFilter.java:110)
	at org.apache.catalina.core.ApplicationFilterChain.internalDoFilter(ApplicationFilterChain.java:164)
	at org.apache.catalina.core.ApplicationFilterChain.doFilter(ApplicationFilterChain.java:140)
	at org.springframework.web.filter.CompositeFilter$VirtualFilterChain.doFilter(CompositeFilter.java:108)
	at org.springframework.web.filter.CompositeFilter$VirtualFilterChain.doFilter(CompositeFilter.java:108)
	at org.springframework.security.web.FilterChainProxy.lambda$doFilterInternal$3(FilterChainProxy.java:231)
	at org.springframework.security.web.FilterChainProxy$VirtualFilterChain.doFilter(FilterChainProxy.java:365)
	at org.springframework.security.web.access.intercept.AuthorizationFilter.doFilter(AuthorizationFilter.java:101)
	at org.springframework.security.web.FilterChainProxy$VirtualFilterChain.doFilter(FilterChainProxy.java:374)
	at org.springframework.security.web.access.ExceptionTranslationFilter.doFilter(ExceptionTranslationFilter.java:125)
	at org.springframework.security.web.access.ExceptionTranslationFilter.doFilter(ExceptionTranslationFilter.java:119)
	at org.springframework.security.web.FilterChainProxy$VirtualFilterChain.doFilter(FilterChainProxy.java:374)
	at org.springframework.security.web.session.SessionManagementFilter.doFilter(SessionManagementFilter.java:131)
	at org.springframework.security.web.session.SessionManagementFilter.doFilter(SessionManagementFilter.java:85)
	at org.springframework.security.web.FilterChainProxy$VirtualFilterChain.doFilter(FilterChainProxy.java:374)
	at org.springframework.security.web.authentication.AnonymousAuthenticationFilter.doFilter(AnonymousAuthenticationFilter.java:100)
	at org.springframework.security.web.FilterChainProxy$VirtualFilterChain.doFilter(FilterChainProxy.java:374)
	at org.springframework.security.web.servletapi.SecurityContextHolderAwareRequestFilter.doFilter(SecurityContextHolderAwareRequestFilter.java:179)
	at org.springframework.security.web.FilterChainProxy$VirtualFilterChain.doFilter(FilterChainProxy.java:374)
	at org.springframework.security.web.savedrequest.RequestCacheAwareFilter.doFilter(RequestCacheAwareFilter.java:63)
	at org.springframework.security.web.FilterChainProxy$VirtualFilterChain.doFilter(FilterChainProxy.java:374)
	at backend.main.Filters.JwtFilter.doFilterInternal(JwtFilter.java:98)
	at org.springframework.web.filter.OncePerRequestFilter.doFilter(OncePerRequestFilter.java:116)
	at org.springframework.security.web.FilterChainProxy$VirtualFilterChain.doFilter(FilterChainProxy.java:374)
	at org.springframework.security.web.authentication.logout.LogoutFilter.doFilter(LogoutFilter.java:107)
	at org.springframework.security.web.authentication.logout.LogoutFilter.doFilter(LogoutFilter.java:93)
	at org.springframework.security.web.FilterChainProxy$VirtualFilterChain.doFilter(FilterChainProxy.java:374)
	at org.springframework.web.filter.CorsFilter.doFilterInternal(CorsFilter.java:91)
	at org.springframework.web.filter.OncePerRequestFilter.doFilter(OncePerRequestFilter.java:116)
	at org.springframework.security.web.FilterChainProxy$VirtualFilterChain.doFilter(FilterChainProxy.java:374)
	at org.springframework.security.web.header.HeaderWriterFilter.doHeadersAfter(HeaderWriterFilter.java:90)
	at org.springframework.security.web.header.HeaderWriterFilter.doFilterInternal(HeaderWriterFilter.java:75)
	at org.springframework.web.filter.OncePerRequestFilter.doFilter(OncePerRequestFilter.java:116)
	at org.springframework.security.web.FilterChainProxy$VirtualFilterChain.doFilter(FilterChainProxy.java:374)
	at org.springframework.security.web.context.SecurityContextHolderFilter.doFilter(SecurityContextHolderFilter.java:82)
	at org.springframework.security.web.context.SecurityContextHolderFilter.doFilter(SecurityContextHolderFilter.java:69)
	at org.springframework.security.web.FilterChainProxy$VirtualFilterChain.doFilter(FilterChainProxy.java:374)
	at org.springframework.security.web.context.request.async.WebAsyncManagerIntegrationFilter.doFilterInternal(WebAsyncManagerIntegrationFilter.java:62)
	at org.springframework.web.filter.OncePerRequestFilter.doFilter(OncePerRequestFilter.java:116)
	at org.springframework.security.web.FilterChainProxy$VirtualFilterChain.doFilter(FilterChainProxy.java:374)
	at org.springframework.security.web.session.DisableEncodeUrlFilter.doFilterInternal(DisableEncodeUrlFilter.java:42)
	at org.springframework.web.filter.OncePerRequestFilter.doFilter(OncePerRequestFilter.java:116)
	at org.springframework.security.web.FilterChainProxy$VirtualFilterChain.doFilter(FilterChainProxy.java:374)
	at org.springframework.security.web.FilterChainProxy.doFilterInternal(FilterChainProxy.java:233)
	at org.springframework.security.web.FilterChainProxy.doFilter(FilterChainProxy.java:191)
	at org.springframework.web.filter.CompositeFilter$VirtualFilterChain.doFilter(CompositeFilter.java:113)
	at org.springframework.web.filter.ServletRequestPathFilter.doFilter(ServletRequestPathFilter.java:52)
	at org.springframework.web.filter.CompositeFilter$VirtualFilterChain.doFilter(CompositeFilter.java:113)
	at org.springframework.web.filter.CompositeFilter.doFilter(CompositeFilter.java:74)
	at org.springframework.security.config.annotation.web.configuration.WebSecurityConfiguration$CompositeFilterChainProxy.doFilter(WebSecurityConfiguration.java:319)
	at org.springframework.web.filter.CompositeFilter$VirtualFilterChain.doFilter(CompositeFilter.java:113)
	at org.springframework.web.servlet.handler.HandlerMappingIntrospector.lambda$createCacheFilter$4(HandlerMappingIntrospector.java:267)
	at org.springframework.web.filter.CompositeFilter$VirtualFilterChain.doFilter(CompositeFilter.java:113)
	at org.springframework.web.filter.CompositeFilter.doFilter(CompositeFilter.java:74)
	at org.springframework.security.config.annotation.web.configuration.WebMvcSecurityConfiguration$CompositeFilterChainProxy.doFilter(WebMvcSecurityConfiguration.java:240)
	at org.springframework.web.filter.DelegatingFilterProxy.invokeDelegate(DelegatingFilterProxy.java:362)
	at org.springframework.web.filter.DelegatingFilterProxy.doFilter(DelegatingFilterProxy.java:278)
	at org.apache.catalina.core.ApplicationFilterChain.internalDoFilter(ApplicationFilterChain.java:164)
	at org.apache.catalina.core.ApplicationFilterChain.doFilter(ApplicationFilterChain.java:140)
	at org.springframework.web.filter.RequestContextFilter.doFilterInternal(RequestContextFilter.java:100)
	at org.springframework.web.filter.OncePerRequestFilter.doFilter(OncePerRequestFilter.java:116)
	at org.apache.catalina.core.ApplicationFilterChain.internalDoFilter(ApplicationFilterChain.java:164)
	at org.apache.catalina.core.ApplicationFilterChain.doFilter(ApplicationFilterChain.java:140)
	at org.springframework.web.filter.FormContentFilter.doFilterInternal(FormContentFilter.java:93)
	at org.springframework.web.filter.OncePerRequestFilter.doFilter(OncePerRequestFilter.java:116)
	at org.apache.catalina.core.ApplicationFilterChain.internalDoFilter(ApplicationFilterChain.java:164)
	at org.apache.catalina.core.ApplicationFilterChain.doFilter(ApplicationFilterChain.java:140)
	at org.springframework.web.filter.CharacterEncodingFilter.doFilterInternal(CharacterEncodingFilter.java:201)
	at org.springframework.web.filter.OncePerRequestFilter.doFilter(OncePerRequestFilter.java:116)
	at org.apache.catalina.core.ApplicationFilterChain.internalDoFilter(ApplicationFilterChain.java:164)
	at org.apache.catalina.core.ApplicationFilterChain.doFilter(ApplicationFilterChain.java:140)
	at org.apache.catalina.core.StandardWrapperValve.invoke(StandardWrapperValve.java:167)
	at org.apache.catalina.core.StandardContextValve.invoke(StandardContextValve.java:90)
	at org.apache.catalina.authenticator.AuthenticatorBase.invoke(AuthenticatorBase.java:483)
	at org.apache.catalina.core.StandardHostValve.invoke(StandardHostValve.java:116)
	at org.apache.catalina.valves.ErrorReportValve.invoke(ErrorReportValve.java:93)
	at org.apache.catalina.core.StandardEngineValve.invoke(StandardEngineValve.java:74)
	at org.apache.catalina.connector.CoyoteAdapter.service(CoyoteAdapter.java:344)
	at org.apache.coyote.http11.Http11Processor.service(Http11Processor.java:398)
	at org.apache.coyote.AbstractProcessorLight.process(AbstractProcessorLight.java:63)
	at org.apache.coyote.AbstractProtocol$ConnectionHandler.process(AbstractProtocol.java:903)
	at org.apache.tomcat.util.net.NioEndpoint$SocketProcessor.doRun(NioEndpoint.java:1776)
	at org.apache.tomcat.util.net.SocketProcessorBase.run(SocketProcessorBase.java:52)
	at org.apache.tomcat.util.threads.ThreadPoolExecutor.runWorker(ThreadPoolExecutor.java:975)
	at org.apache.tomcat.util.threads.ThreadPoolExecutor$Worker.run(ThreadPoolExecutor.java:493)
	at org.apache.tomcat.util.threads.TaskThread$WrappingRunnable.run(TaskThread.java:63)
	at java.base/java.lang.Thread.run(Thread.java:842)
